<?xml version="1.0" encoding="UTF-8"?>
<testng-results ignored="0" total="1" passed="1" failed="0" skipped="0">
  <reporter-output>
  </reporter-output>
  <suite started-at="2024-04-20T16:55:49Z" name="Default suite" finished-at="2024-04-20T16:55:55Z" duration-ms="5782">
    <groups>
    </groups>
    <test started-at="2024-04-20T16:55:49Z" name="Default test" finished-at="2024-04-20T16:55:55Z" duration-ms="5782">
      <class name="pruebang.SelTestTest">
        <test-method signature="test01()[pri:0, instance:pruebang.SelTestTest@54eb2b70]" started-at="2024-04-20T10:55:50Z" name="test01" finished-at="2024-04-20T10:55:55Z" duration-ms="5765" status="PASS">
          <reporter-output>
          </reporter-output>
        </test-method> <!-- test01 -->
      </class> <!-- pruebang.SelTestTest -->
    </test> <!-- Default test -->
  </suite> <!-- Default suite -->
</testng-results>
